<?xml version="1.0" encoding="UTF-8"?>
<!-- Generated by org.testng.reporters.JUnitReportReporter -->
<testsuite skipped="0" hostname="Pinkey" name="com.myJira.Tests.CreateEpic_Test" tests="8" failures="0" timestamp="16 Feb 2021 12:16:01 GMT" time="51.148" errors="0">
  <testcase name="launchsite" time="6.110" classname="com.myJira.Tests.CreateEpic_Test"/>
  <testcase name="Login" time="5.979" classname="com.myJira.Tests.CreateEpic_Test"/>
  <testcase name="jiraProject" time="29.226" classname="com.myJira.Tests.CreateEpic_Test"/>
  <testcase name="jiraEpic" time="2.048" classname="com.myJira.Tests.CreateEpic_Test"/>
  <testcase name="jiraEpic" time="3.407" classname="com.myJira.Tests.CreateEpic_Test"/>
  <testcase name="jiraEpic" time="1.095" classname="com.myJira.Tests.CreateEpic_Test"/>
  <testcase name="jiraEpic" time="1.668" classname="com.myJira.Tests.CreateEpic_Test"/>
  <testcase name="jiraEpic" time="1.615" classname="com.myJira.Tests.CreateEpic_Test"/>
</testsuite> <!-- com.myJira.Tests.CreateEpic_Test -->
