<?xml version="1.0" encoding="UTF-8"?>
<!-- Generated by org.testng.reporters.JUnitReportReporter -->
<testsuite skipped="0" hostname="Pinkey" name="com.myJira.Tests.GetProject_Test" tests="4" failures="0" timestamp="27 Feb 2021 05:02:30 GMT" time="44.793" errors="0">
  <testcase name="launchsite" time="5.493" classname="com.myJira.Tests.GetProject_Test"/>
  <testcase name="Login" time="6.800" classname="com.myJira.Tests.GetProject_Test"/>
  <testcase name="jiraProject" time="30.236" classname="com.myJira.Tests.GetProject_Test"/>
  <testcase name="Logout" time="2.264" classname="com.myJira.Tests.GetProject_Test"/>
</testsuite> <!-- com.myJira.Tests.GetProject_Test -->
