<?xml version="1.0" encoding="UTF-8"?>
<!-- Generated by org.testng.reporters.JUnitReportReporter -->
<testsuite skipped="0" hostname="Pinkey" name="com.myJira.Tests.Login_Test" tests="2" failures="0" timestamp="16 Feb 2021 08:27:18 GMT" time="11.872" errors="0">
  <testcase name="launchsite" time="5.501" classname="com.myJira.Tests.Login_Test"/>
  <testcase name="Login" time="6.371" classname="com.myJira.Tests.Login_Test"/>
</testsuite> <!-- com.myJira.Tests.Login_Test -->
