<?xml version="1.0" encoding="UTF-8"?>
<!-- Generated by org.testng.reporters.JUnitReportReporter -->
<testsuite skipped="0" hostname="Pinkey" name="com.myJira.Jira_Login" tests="1" failures="0" timestamp="20 Feb 2021 15:15:13 GMT" time="0.011" errors="0">
  <testcase name="jiraLogin" time="0.011" classname="com.myJira.Jira_Login"/>
</testsuite> <!-- com.myJira.Jira_Login -->
