<?xml version="1.0" encoding="UTF-8"?>
<!-- Generated by org.testng.reporters.JUnitReportReporter -->
<testsuite skipped="0" hostname="Pinkey" name="com.myJira.Tests.GetProject_Test" tests="3" failures="0" timestamp="16 Feb 2021 08:34:23 GMT" time="36.315" errors="0">
  <testcase name="launchsite" time="5.401" classname="com.myJira.Tests.GetProject_Test"/>
  <testcase name="Login" time="6.034" classname="com.myJira.Tests.GetProject_Test"/>
  <testcase name="jiraProject" time="24.880" classname="com.myJira.Tests.GetProject_Test"/>
</testsuite> <!-- com.myJira.Tests.GetProject_Test -->
