<?xml version="1.0" encoding="UTF-8"?>
<!-- Generated by org.testng.reporters.JUnitReportReporter -->
<testsuite skipped="0" hostname="Pinkey" name="com.Jira.Utilities.BrowserOperations" tests="3" failures="0" timestamp="14 Feb 2021 20:09:53 GMT" time="5.411" errors="0">
  <testcase name="openBrowser" time="2.850" classname="com.Jira.Utilities.BrowserOperations"/>
  <testcase name="launchSite" time="1.801" classname="com.Jira.Utilities.BrowserOperations"/>
  <testcase name="closeSite" time="0.760" classname="com.Jira.Utilities.BrowserOperations"/>
</testsuite> <!-- com.Jira.Utilities.BrowserOperations -->
