<?xml version="1.0" encoding="UTF-8"?>
<!-- Generated by org.testng.reporters.JUnitReportReporter -->
<testsuite skipped="0" hostname="Pinkey" name="com.myJira.Tests.Login_Test" tests="3" failures="0" timestamp="26 Feb 2021 17:32:21 GMT" time="41.148" errors="0">
  <testcase name="launchsite" time="11.531" classname="com.myJira.Tests.Login_Test"/>
  <testcase name="Login" time="7.940" classname="com.myJira.Tests.Login_Test"/>
  <testcase name="Logout" time="21.677" classname="com.myJira.Tests.Login_Test"/>
</testsuite> <!-- com.myJira.Tests.Login_Test -->
