<?xml version="1.0" encoding="UTF-8"?>
<!-- Generated by org.testng.reporters.JUnitReportReporter -->
<testsuite skipped="0" hostname="Pinkey" name="com.myJira.Tests.CreateEpic_Test" tests="1" failures="0" timestamp="16 Feb 2021 15:02:23 GMT" time="5.932" errors="0">
  <testcase name="launchsite" time="5.932" classname="com.myJira.Tests.CreateEpic_Test"/>
</testsuite> <!-- com.myJira.Tests.CreateEpic_Test -->
